2023-05-16 19:14:53 0 [Note] Starting MariaDB 10.4.28-MariaDB source revision c8f2e9a5c0ac5905f28b050b7df5a9ffd914b7e7 as process 24692
2023-05-16 19:14:53 0 [Note] InnoDB: Mutexes and rw_locks use Windows interlocked functions
2023-05-16 19:14:53 0 [Note] InnoDB: Uses event mutexes
2023-05-16 19:14:53 0 [Note] InnoDB: Compressed tables use zlib 1.2.12
2023-05-16 19:14:53 0 [Note] InnoDB: Number of pools: 1
2023-05-16 19:14:53 0 [Note] InnoDB: Using SSE2 crc32 instructions
2023-05-16 19:14:53 0 [Note] InnoDB: Initializing buffer pool, total size = 16M, instances = 1, chunk size = 16M
2023-05-16 19:14:53 0 [Note] InnoDB: Completed initialization of buffer pool
2023-05-16 19:14:53 0 [Note] InnoDB: Starting crash recovery from checkpoint LSN=300288
2023-05-16 19:14:53 0 [Note] InnoDB: 128 out of 128 rollback segments are active.
2023-05-16 19:14:53 0 [Note] InnoDB: Removed temporary tablespace data file: "ibtmp1"
2023-05-16 19:14:53 0 [Note] InnoDB: Creating shared tablespace for temporary tables
2023-05-16 19:14:53 0 [Note] InnoDB: Setting file 'C:\xampp\mysql\data\ibtmp1' size to 12 MB. Physically writing the file full; Please wait ...
2023-05-16 19:14:53 0 [Note] InnoDB: File 'C:\xampp\mysql\data\ibtmp1' size is now 12 MB.
2023-05-16 19:14:53 0 [Note] InnoDB: Waiting for purge to start
2023-05-16 19:14:53 0 [Note] InnoDB: 10.4.28 started; log sequence number 300297; transaction id 170
2023-05-16 19:14:53 0 [Note] InnoDB: Loading buffer pool(s) from C:\xampp\mysql\data\ib_buffer_pool
2023-05-16 19:14:53 0 [Note] Plugin 'FEEDBACK' is disabled.
2023-05-16 19:14:53 0 [Note] Server socket created on IP: '::'.
2023-05-16 19:14:53 0 [ERROR] Can't start server: Bind on TCP/IP port. Got error: 10048: Only one usage of each socket address (protocol/network address/port) is normally permitted.

2023-05-16 19:14:53 0 [ERROR] Do you already have another mysqld server running on port: 3306 ?
2023-05-16 19:14:53 0 [Note] InnoDB: Buffer pool(s) load completed at 230516 19:14:53
2023-05-16 19:14:53 0 [ERROR] Aborting
2023-05-16 19:15:31 0 [Note] Starting MariaDB 10.4.28-MariaDB source revision c8f2e9a5c0ac5905f28b050b7df5a9ffd914b7e7 as process 9428
2023-05-16 19:15:31 0 [Note] InnoDB: Mutexes and rw_locks use Windows interlocked functions
2023-05-16 19:15:31 0 [Note] InnoDB: Uses event mutexes
2023-05-16 19:15:31 0 [Note] InnoDB: Compressed tables use zlib 1.2.12
2023-05-16 19:15:31 0 [Note] InnoDB: Number of pools: 1
2023-05-16 19:15:31 0 [Note] InnoDB: Using SSE2 crc32 instructions
2023-05-16 19:15:31 0 [Note] InnoDB: Initializing buffer pool, total size = 16M, instances = 1, chunk size = 16M
2023-05-16 19:15:31 0 [Note] InnoDB: Completed initialization of buffer pool
2023-05-16 19:15:31 0 [Note] InnoDB: 128 out of 128 rollback segments are active.
2023-05-16 19:15:31 0 [Note] InnoDB: Creating shared tablespace for temporary tables
2023-05-16 19:15:31 0 [Note] InnoDB: Setting file 'C:\xampp\mysql\data\ibtmp1' size to 12 MB. Physically writing the file full; Please wait ...
2023-05-16 19:15:31 0 [Note] InnoDB: File 'C:\xampp\mysql\data\ibtmp1' size is now 12 MB.
2023-05-16 19:15:31 0 [Note] InnoDB: Waiting for purge to start
2023-05-16 19:15:31 0 [Note] InnoDB: 10.4.28 started; log sequence number 300306; transaction id 170
2023-05-16 19:15:31 0 [Note] InnoDB: Loading buffer pool(s) from C:\xampp\mysql\data\ib_buffer_pool
2023-05-16 19:15:31 0 [Note] Plugin 'FEEDBACK' is disabled.
2023-05-16 19:15:31 0 [Note] Server socket created on IP: '::'.
2023-05-16 19:15:31 0 [ERROR] Can't start server: Bind on TCP/IP port. Got error: 10048: Only one usage of each socket address (protocol/network address/port) is normally permitted.

2023-05-16 19:15:31 0 [ERROR] Do you already have another mysqld server running on port: 3306 ?
2023-05-16 19:15:31 0 [ERROR] Aborting
2023-05-16 19:18:23 0 [Note] Starting MariaDB 10.4.28-MariaDB source revision c8f2e9a5c0ac5905f28b050b7df5a9ffd914b7e7 as process 8080
2023-05-16 19:18:23 0 [Note] InnoDB: Mutexes and rw_locks use Windows interlocked functions
2023-05-16 19:18:23 0 [Note] InnoDB: Uses event mutexes
2023-05-16 19:18:23 0 [Note] InnoDB: Compressed tables use zlib 1.2.12
2023-05-16 19:18:23 0 [Note] InnoDB: Number of pools: 1
2023-05-16 19:18:23 0 [Note] InnoDB: Using SSE2 crc32 instructions
2023-05-16 19:18:23 0 [Note] InnoDB: Initializing buffer pool, total size = 16M, instances = 1, chunk size = 16M
2023-05-16 19:18:23 0 [Note] InnoDB: Completed initialization of buffer pool
2023-05-16 19:18:23 0 [Note] InnoDB: 128 out of 128 rollback segments are active.
2023-05-16 19:18:23 0 [Note] InnoDB: Creating shared tablespace for temporary tables
2023-05-16 19:18:23 0 [Note] InnoDB: Setting file 'C:\xampp\mysql\data\ibtmp1' size to 12 MB. Physically writing the file full; Please wait ...
2023-05-16 19:18:23 0 [Note] InnoDB: File 'C:\xampp\mysql\data\ibtmp1' size is now 12 MB.
2023-05-16 19:18:23 0 [Note] InnoDB: Waiting for purge to start
2023-05-16 19:18:23 0 [Note] InnoDB: 10.4.28 started; log sequence number 300315; transaction id 170
2023-05-16 19:18:23 0 [Note] InnoDB: Loading buffer pool(s) from C:\xampp\mysql\data\ib_buffer_pool
2023-05-16 19:18:23 0 [Note] Plugin 'FEEDBACK' is disabled.
2023-05-16 19:18:23 0 [Note] Server socket created on IP: '::'.
2023-05-27 16:58:38 0 [Note] Starting MariaDB 10.4.28-MariaDB source revision c8f2e9a5c0ac5905f28b050b7df5a9ffd914b7e7 as process 11756
2023-05-27 16:58:38 0 [Note] InnoDB: Mutexes and rw_locks use Windows interlocked functions
2023-05-27 16:58:38 0 [Note] InnoDB: Uses event mutexes
2023-05-27 16:58:38 0 [Note] InnoDB: Compressed tables use zlib 1.2.12
2023-05-27 16:58:38 0 [Note] InnoDB: Number of pools: 1
2023-05-27 16:58:38 0 [Note] InnoDB: Using SSE2 crc32 instructions
2023-05-27 16:58:38 0 [Note] InnoDB: Initializing buffer pool, total size = 16M, instances = 1, chunk size = 16M
2023-05-27 16:58:38 0 [Note] InnoDB: Completed initialization of buffer pool
2023-05-27 16:58:38 0 [Note] InnoDB: Starting crash recovery from checkpoint LSN=311398
2023-05-27 16:58:38 0 [Note] InnoDB: 128 out of 128 rollback segments are active.
2023-05-27 16:58:38 0 [Note] InnoDB: Removed temporary tablespace data file: "ibtmp1"
2023-05-27 16:58:38 0 [Note] InnoDB: Creating shared tablespace for temporary tables
2023-05-27 16:58:38 0 [Note] InnoDB: Setting file 'C:\xampp\mysql\data\ibtmp1' size to 12 MB. Physically writing the file full; Please wait ...
2023-05-27 16:58:38 0 [Note] InnoDB: File 'C:\xampp\mysql\data\ibtmp1' size is now 12 MB.
2023-05-27 16:58:38 0 [Note] InnoDB: Waiting for purge to start
2023-05-27 16:58:38 0 [Note] InnoDB: 10.4.28 started; log sequence number 311407; transaction id 205
2023-05-27 16:58:38 0 [Note] Plugin 'FEEDBACK' is disabled.
2023-05-27 16:58:38 0 [Note] InnoDB: Loading buffer pool(s) from C:\xampp\mysql\data\ib_buffer_pool
2023-05-27 16:58:38 0 [Note] InnoDB: Buffer pool(s) load completed at 230527 16:58:38
2023-05-27 16:58:38 0 [Note] Server socket created on IP: '::'.
2023-05-27 16:58:38 0 [ERROR] Can't start server: Bind on TCP/IP port. Got error: 10048: Only one usage of each socket address (protocol/network address/port) is normally permitted.

2023-05-27 16:58:38 0 [ERROR] Do you already have another mysqld server running on port: 3306 ?
2023-05-27 16:58:38 0 [ERROR] Aborting
2023-05-27 16:58:43 0 [Note] Starting MariaDB 10.4.28-MariaDB source revision c8f2e9a5c0ac5905f28b050b7df5a9ffd914b7e7 as process 12948
2023-05-27 16:58:43 0 [Note] InnoDB: Mutexes and rw_locks use Windows interlocked functions
2023-05-27 16:58:43 0 [Note] InnoDB: Uses event mutexes
2023-05-27 16:58:43 0 [Note] InnoDB: Compressed tables use zlib 1.2.12
2023-05-27 16:58:43 0 [Note] InnoDB: Number of pools: 1
2023-05-27 16:58:43 0 [Note] InnoDB: Using SSE2 crc32 instructions
2023-05-27 16:58:43 0 [Note] InnoDB: Initializing buffer pool, total size = 16M, instances = 1, chunk size = 16M
2023-05-27 16:58:43 0 [Note] InnoDB: Completed initialization of buffer pool
2023-05-27 16:58:43 0 [Note] InnoDB: 128 out of 128 rollback segments are active.
2023-05-27 16:58:43 0 [Note] InnoDB: Creating shared tablespace for temporary tables
2023-05-27 16:58:43 0 [Note] InnoDB: Setting file 'C:\xampp\mysql\data\ibtmp1' size to 12 MB. Physically writing the file full; Please wait ...
2023-05-27 16:58:43 0 [Note] InnoDB: File 'C:\xampp\mysql\data\ibtmp1' size is now 12 MB.
2023-05-27 16:58:43 0 [Note] InnoDB: Waiting for purge to start
2023-05-27 16:58:43 0 [Note] InnoDB: 10.4.28 started; log sequence number 311416; transaction id 205
2023-05-27 16:58:43 0 [Note] InnoDB: Loading buffer pool(s) from C:\xampp\mysql\data\ib_buffer_pool
2023-05-27 16:58:43 0 [Note] Plugin 'FEEDBACK' is disabled.
2023-05-27 16:58:43 0 [Note] Server socket created on IP: '::'.
2023-05-27 16:58:43 0 [ERROR] Can't start server: Bind on TCP/IP port. Got error: 10048: Only one usage of each socket address (protocol/network address/port) is normally permitted.

2023-05-27 16:58:43 0 [ERROR] Do you already have another mysqld server running on port: 3306 ?
2023-05-27 16:58:43 0 [ERROR] Aborting
2023-05-27 16:58:47 0 [Note] Starting MariaDB 10.4.28-MariaDB source revision c8f2e9a5c0ac5905f28b050b7df5a9ffd914b7e7 as process 10656
2023-05-27 16:58:47 0 [Note] InnoDB: Mutexes and rw_locks use Windows interlocked functions
2023-05-27 16:58:47 0 [Note] InnoDB: Uses event mutexes
2023-05-27 16:58:47 0 [Note] InnoDB: Compressed tables use zlib 1.2.12
2023-05-27 16:58:47 0 [Note] InnoDB: Number of pools: 1
2023-05-27 16:58:47 0 [Note] InnoDB: Using SSE2 crc32 instructions
2023-05-27 16:58:47 0 [Note] InnoDB: Initializing buffer pool, total size = 16M, instances = 1, chunk size = 16M
2023-05-27 16:58:47 0 [Note] InnoDB: Completed initialization of buffer pool
2023-05-27 16:58:47 0 [Note] InnoDB: 128 out of 128 rollback segments are active.
2023-05-27 16:58:47 0 [Note] InnoDB: Creating shared tablespace for temporary tables
2023-05-27 16:58:47 0 [Note] InnoDB: Setting file 'C:\xampp\mysql\data\ibtmp1' size to 12 MB. Physically writing the file full; Please wait ...
2023-05-27 16:58:47 0 [Note] InnoDB: File 'C:\xampp\mysql\data\ibtmp1' size is now 12 MB.
2023-05-27 16:58:47 0 [Note] InnoDB: Waiting for purge to start
2023-05-27 16:58:47 0 [Note] InnoDB: 10.4.28 started; log sequence number 311425; transaction id 205
2023-05-27 16:58:47 0 [Note] InnoDB: Loading buffer pool(s) from C:\xampp\mysql\data\ib_buffer_pool
2023-05-27 16:58:47 0 [Note] Plugin 'FEEDBACK' is disabled.
2023-05-27 16:58:47 0 [Note] Server socket created on IP: '::'.
2023-05-27 16:58:47 0 [ERROR] Can't start server: Bind on TCP/IP port. Got error: 10048: Only one usage of each socket address (protocol/network address/port) is normally permitted.

2023-05-27 16:58:47 0 [ERROR] Do you already have another mysqld server running on port: 3306 ?
2023-05-27 16:58:47 0 [ERROR] Aborting
2023-05-27 17:00:18 0 [Note] Starting MariaDB 10.4.28-MariaDB source revision c8f2e9a5c0ac5905f28b050b7df5a9ffd914b7e7 as process 8904
2023-05-27 17:00:18 0 [Note] InnoDB: Mutexes and rw_locks use Windows interlocked functions
2023-05-27 17:00:18 0 [Note] InnoDB: Uses event mutexes
2023-05-27 17:00:18 0 [Note] InnoDB: Compressed tables use zlib 1.2.12
2023-05-27 17:00:18 0 [Note] InnoDB: Number of pools: 1
2023-05-27 17:00:18 0 [Note] InnoDB: Using SSE2 crc32 instructions
2023-05-27 17:00:18 0 [Note] InnoDB: Initializing buffer pool, total size = 16M, instances = 1, chunk size = 16M
2023-05-27 17:00:18 0 [Note] InnoDB: Completed initialization of buffer pool
2023-05-27 17:00:18 0 [Note] InnoDB: 128 out of 128 rollback segments are active.
2023-05-27 17:00:18 0 [Note] InnoDB: Creating shared tablespace for temporary tables
2023-05-27 17:00:18 0 [Note] InnoDB: Setting file 'C:\xampp\mysql\data\ibtmp1' size to 12 MB. Physically writing the file full; Please wait ...
2023-05-27 17:00:18 0 [Note] InnoDB: File 'C:\xampp\mysql\data\ibtmp1' size is now 12 MB.
2023-05-27 17:00:18 0 [Note] InnoDB: Waiting for purge to start
2023-05-27 17:00:18 0 [Note] InnoDB: 10.4.28 started; log sequence number 311434; transaction id 205
2023-05-27 17:00:18 0 [Note] Plugin 'FEEDBACK' is disabled.
2023-05-27 17:00:18 0 [Note] InnoDB: Loading buffer pool(s) from C:\xampp\mysql\data\ib_buffer_pool
2023-05-27 17:00:18 0 [Note] Server socket created on IP: '::'.
